<?xml version="1.0" encoding="UTF-8"?>
<!-- Generated by org.testng.reporters.JUnitXMLReporter -->
<testsuite hostname="Kwabenas-MBP" ignored="0" name="FirefoxTest" tests="1" failures="1" timestamp="13 Dec 2018 04:35:16 GMT" time="18.014" errors="0">
  <testcase name="verifyInteriorSearchResults" time="11.207" classname="com.ford.pom_framework.tests.VerifyAccessoriesSearchResultsTest">
    <failure type="java.lang.AssertionError" message="Element &amp;lt;option&amp;gt; could not be scrolled into view
Build info: version: &amp;apos;3.13.0&amp;apos;, revision: &amp;apos;2f0d292&amp;apos;, time: &amp;apos;2018-06-25T15:24:21.231Z&amp;apos;
System info: host: &amp;apos;Kwabenas-MBP&amp;apos;, ip: &amp;apos;2600:1700:5650:4808:f4ae:a1f7:8a99:62a6%en0&amp;apos;, os.name: &amp;apos;Mac OS X&amp;apos;, os.arch: &amp;apos;x86_64&amp;apos;, os.version: &amp;apos;10.14.1&amp;apos;, java.version: &amp;apos;1.8.0_191&amp;apos;
Driver info: org.openqa.selenium.firefox.FirefoxDriver
Capabilities {acceptInsecureCerts: true, browserName: firefox, browserVersion: 60.0.1, javascriptEnabled: true, moz:accessibilityChecks: false, moz:geckodriverVersion: 0.23.0, moz:headless: false, moz:processID: 1773, moz:profile: /var/folders/50/czztmbmj4t7..., moz:useNonSpecCompliantPointerOrigin: false, moz:webdriverClick: true, pageLoadStrategy: normal, platform: MAC, platformName: MAC, platformVersion: 18.2.0, rotatable: false, timeouts: {implicit: 0, pageLoad: 300000, script: 30000}}
Session ID: fdd618a7-6f38-e246-aca2-83a6302e3495 expected [true] but found [false]">
      <![CDATA[java.lang.AssertionError: Element <option> could not be scrolled into view
Build info: version: '3.13.0', revision: '2f0d292', time: '2018-06-25T15:24:21.231Z'
System info: host: 'Kwabenas-MBP', ip: '2600:1700:5650:4808:f4ae:a1f7:8a99:62a6%en0', os.name: 'Mac OS X', os.arch: 'x86_64', os.version: '10.14.1', java.version: '1.8.0_191'
Driver info: org.openqa.selenium.firefox.FirefoxDriver
Capabilities {acceptInsecureCerts: true, browserName: firefox, browserVersion: 60.0.1, javascriptEnabled: true, moz:accessibilityChecks: false, moz:geckodriverVersion: 0.23.0, moz:headless: false, moz:processID: 1773, moz:profile: /var/folders/50/czztmbmj4t7..., moz:useNonSpecCompliantPointerOrigin: false, moz:webdriverClick: true, pageLoadStrategy: normal, platform: MAC, platformName: MAC, platformVersion: 18.2.0, rotatable: false, timeouts: {implicit: 0, pageLoad: 300000, script: 30000}}
Session ID: fdd618a7-6f38-e246-aca2-83a6302e3495 expected [true] but found [false]
at com.ford.pom_framework.tests.VerifyAccessoriesSearchResultsTest.verifyInteriorSearchResults(VerifyAccessoriesSearchResultsTest.java:31)
... Removed 28 stack frames]]>
    </failure>
  </testcase> <!-- verifyInteriorSearchResults -->
</testsuite> <!-- FirefoxTest -->
