<?xml version="1.0" encoding="UTF-8"?>
<testng-results skipped="0" failed="0" ignored="0" total="1" passed="1">
  <reporter-output>
  </reporter-output>
  <suite name="Suite" duration-ms="21152" started-at="2018-12-13T15:27:21Z" finished-at="2018-12-13T15:27:42Z">
    <groups>
    </groups>
    <test name="ChromeTest" duration-ms="21152" started-at="2018-12-13T15:27:21Z" finished-at="2018-12-13T15:27:42Z">
      <class name="com.ford.pom_framework.tests.VerifyAccessoriesSearchResultsTest">
        <test-method status="PASS" signature="browserSelection(java.lang.String)[pri:0, instance:com.ford.pom_framework.tests.VerifyAccessoriesSearchResultsTest@5622fdf]" name="browserSelection" is-config="true" duration-ms="1848" started-at="2018-12-13T15:27:21Z" finished-at="2018-12-13T15:27:23Z">
          <params>
            <param index="0">
              <value>
                <![CDATA[chrome]]>
              </value>
            </param>
          </params>
          <reporter-output>
          </reporter-output>
        </test-method> <!-- browserSelection -->
        <test-method status="PASS" signature="initialize()[pri:0, instance:com.ford.pom_framework.tests.VerifyAccessoriesSearchResultsTest@5622fdf]" name="initialize" is-config="true" duration-ms="10042" started-at="2018-12-13T15:27:23Z" finished-at="2018-12-13T15:27:33Z">
          <reporter-output>
          </reporter-output>
        </test-method> <!-- initialize -->
        <test-method status="PASS" signature="verifyInteriorSearchResults()[pri:0, instance:com.ford.pom_framework.tests.VerifyAccessoriesSearchResultsTest@5622fdf]" name="verifyInteriorSearchResults" duration-ms="9096" started-at="2018-12-13T15:27:33Z" finished-at="2018-12-13T15:27:42Z">
          <reporter-output>
          </reporter-output>
        </test-method> <!-- verifyInteriorSearchResults -->
        <test-method status="PASS" signature="cleanUp()[pri:0, instance:com.ford.pom_framework.tests.VerifyAccessoriesSearchResultsTest@5622fdf]" name="cleanUp" is-config="true" duration-ms="144" started-at="2018-12-13T15:27:42Z" finished-at="2018-12-13T15:27:42Z">
          <reporter-output>
          </reporter-output>
        </test-method> <!-- cleanUp -->
      </class> <!-- com.ford.pom_framework.tests.VerifyAccessoriesSearchResultsTest -->
    </test> <!-- ChromeTest -->
  </suite> <!-- Suite -->
</testng-results>
